2023-08-16 11:06:29,050 - URL is opened
2023-08-16 11:06:29,573 - Email is set
2023-08-16 11:06:29,894 - Password is set
2023-08-16 11:06:39,100 - CLick on Login Button
2023-08-16 11:06:39,142 - Test Case Passed
2023-08-16 11:17:44,845 - URL is opened
2023-08-16 11:17:45,363 - Email is set
2023-08-16 11:17:45,683 - Password is set
2023-08-16 11:18:29,777 - URL is opened
2023-08-16 11:18:30,310 - Email is set
2023-08-16 11:18:30,616 - Password is set
2023-08-16 11:19:00,840 - CLick on Login Button
2023-08-16 11:19:00,863 - Test Case Passed
2023-08-16 16:47:16,341 - URL is Open
2023-08-16 16:47:17,227 - Email is SEt
2023-08-16 16:47:17,694 - Password is set
2023-08-16 16:47:20,080 - Test Case Failed
2023-08-16 16:47:25,776 - URL is Open
2023-08-16 16:47:26,550 - Email is SEt
2023-08-16 16:47:27,077 - Password is set
2023-08-16 16:47:29,380 - Test Case Failed
2023-08-16 16:47:34,538 - URL is Open
2023-08-16 16:47:35,020 - Email is SEt
2023-08-16 16:47:35,386 - Password is set
2023-08-16 16:48:01,259 - Test Case Passed
2023-08-16 16:48:05,953 - URL is Open
2023-08-16 16:48:06,634 - Email is SEt
2023-08-16 16:48:07,007 - Password is set
2023-08-16 16:48:08,358 - Test Case Failed
2023-08-16 16:48:12,855 - URL is Open
2023-08-16 16:48:13,680 - Email is SEt
2023-08-16 16:48:14,177 - Password is set
2023-08-16 16:48:16,064 - Test Case Failed
2023-08-16 17:06:36,727 - URL is opened
2023-08-16 17:06:37,568 - Email is set
2023-08-16 17:06:38,234 - Password is set
2023-08-16 17:07:09,800 - CLick on Login Button
2023-08-16 17:07:09,839 - Test Case Passed
2023-08-16 17:09:57,000 - URL is opened
2023-08-16 17:09:57,791 - Email is set
2023-08-16 17:09:58,258 - Password is set
2023-08-16 17:10:10,234 - CLick on Login Button
